<?xml version="1.0" encoding="UTF-8"?>
<!-- Generated by org.testng.reporters.JUnitXMLReporter -->
<testsuite ignored="0" hostname="DESKTOP-5N8PCT1" failures="0" tests="4" name="Command line test" time="44.342" errors="0" timestamp="30 Dec 2021 12:11:37 GMT">
  <testcase classname="PracticeTest.demo1Test" name="addOwner" time="9.32"/>
  <testcase classname="PracticeTest.demo1Test" name="owner" time="18.731"/>
  <testcase classname="PracticeTest.demoTest" name="addCustomer" time="8.06"/>
  <testcase classname="PracticeTest.demoTest" name="customer" time="8.211"/>
</testsuite> <!-- Command line test -->
