<?xml version="1.0" encoding="UTF-8"?>
<!-- Generated by org.testng.reporters.JUnitXMLReporter -->
<testsuite hostname="DESKTOP-5N8PCT1" ignored="0" name="Test" tests="4" failures="0" timestamp="30 Dec 2021 12:07:55 GMT" time="45.236" errors="0">
  <testcase name="addOwner" time="9.777" classname="PracticeTest.demo1Test"/>
  <testcase name="owner" time="8.592" classname="PracticeTest.demo1Test"/>
  <testcase name="addCustomer" time="18.92" classname="PracticeTest.demoTest"/>
  <testcase name="customer" time="7.927" classname="PracticeTest.demoTest"/>
</testsuite> <!-- Test -->
