<?xml version="1.0" encoding="UTF-8"?>
<testng-results ignored="0" total="2" passed="2" failed="0" skipped="0">
  <reporter-output>
  </reporter-output>
  <suite started-at="2021-12-30T17:15:43 IST" name="Default suite" finished-at="2021-12-30T17:15:59 IST" duration-ms="16369">
    <groups>
      <group name="SmokeTest">
        <method signature="demo1Test.owner()[pri:0, instance:PracticeTest.demo1Test@6bedbc4d]" name="owner" class="PracticeTest.demo1Test"/>
      </group> <!-- SmokeTest -->
      <group name="RegressionTest">
        <method signature="demo1Test.addOwner()[pri:0, instance:PracticeTest.demo1Test@6bedbc4d]" name="addOwner" class="PracticeTest.demo1Test"/>
      </group> <!-- RegressionTest -->
    </groups>
    <test started-at="2021-12-30T17:15:43 IST" name="Default test" finished-at="2021-12-30T17:15:59 IST" duration-ms="16369">
      <class name="PracticeTest.demo1Test">
        <test-method signature="addOwner()[pri:0, instance:PracticeTest.demo1Test@6bedbc4d]" started-at="2021-12-30T17:15:43 IST" name="addOwner" finished-at="2021-12-30T17:15:51 IST" duration-ms="8336" status="PASS">
          <reporter-output>
          </reporter-output>
        </test-method> <!-- addOwner -->
        <test-method signature="owner()[pri:0, instance:PracticeTest.demo1Test@6bedbc4d]" started-at="2021-12-30T17:15:51 IST" name="owner" finished-at="2021-12-30T17:15:59 IST" duration-ms="7997" status="PASS">
          <reporter-output>
          </reporter-output>
        </test-method> <!-- owner -->
      </class> <!-- PracticeTest.demo1Test -->
    </test> <!-- Default test -->
  </suite> <!-- Default suite -->
</testng-results>
